"S:/WIP/10_AfterLife/01_Unreal_Engine/AfterLife/Content/Sounds/Foostep1.uasset" 0
"S:/WIP/10_AfterLife/01_Unreal_Engine/AfterLife/Content/Sounds/Foostep2.uasset" 1
"S:/WIP/10_AfterLife/01_Unreal_Engine/AfterLife/Content/Sounds/Foostep3.uasset" 2
"S:/WIP/10_AfterLife/01_Unreal_Engine/AfterLife/Content/Sounds/Foostep4.uasset" 3
"../../../Engine/Content/Animation/DefaultAnimCurveCompressionSettings.uasset" 4
"../../../Engine/Content/Functions/Engine_MaterialFunctions01/Opacity/CameraDepthFade.uasset" 5
"../../../Engine/Content/EngineMaterials/T_Default_Material_Grid_M.uasset" 6
"../../../Engine/Content/EngineMaterials/T_Default_Material_Grid_N.uasset" 7
"../../../Engine/Content/EngineMaterials/WorldGridMaterial.uasset" 8
"../../../Engine/Content/ArtTools/RenderToTexture/Meshes/S_1_Unit_Plane.uasset" 9
"../../../Engine/Content/EngineMaterials/DefaultMaterial.uasset" 10
"../../../Engine/Content/BasicShapes/Cone.uasset" 11
"../../../Engine/Content/BasicShapes/Plane.uasset" 12
"../../../Engine/Content/BasicShapes/Sphere.uasset" 13
"../../../Engine/Content/EditorLandscapeResources/DataLayer.uasset" 14
"../../../Engine/Content/EditorMaterials/MAT_Groups_Toggle.uasset" 15
"../../../Engine/Content/EditorMaterials/MAT_Groups_Visibility.uasset" 16
"../../../Engine/Content/EditorMaterials/PreviewShadowIndicator.uasset" 17
"../../../Engine/Content/EditorMaterials/PreviewShadowIndicatorMaterial.uasset" 18
"../../../Engine/Content/EditorMaterials/MatineeGroups/MAT_ColorTrack.uasset" 19
"../../../Engine/Content/EditorMaterials/MatineeGroups/MAT_Groups_Anim.uasset" 20
"../../../Engine/Content/EditorMaterials/MatineeGroups/MAT_Groups_AudioMaster.uasset" 21
"../../../Engine/Content/EditorMaterials/MatineeGroups/MAT_Groups_Director.uasset" 22
"../../../Engine/Content/EditorMaterials/MatineeGroups/MAT_Groups_Event.uasset" 23
"../../../Engine/Content/EditorMaterials/MatineeGroups/MAT_Groups_Fade.uasset" 24
"../../../Engine/Content/EditorMaterials/MatineeGroups/MAT_Groups_Float.uasset" 25
"../../../Engine/Content/EditorMaterials/MatineeGroups/MAT_Groups_Move.uasset" 26
"../../../Engine/Content/EditorMaterials/MatineeGroups/MAT_Groups_Slomo.uasset" 27
"../../../Engine/Content/EditorMaterials/MatineeGroups/MAT_Groups_Sound.uasset" 28
"../../../Engine/Content/EditorMaterials/MatineeGroups/MAT_Groups_Vector.uasset" 29
"../../../Engine/Content/EditorMaterials/ParticleSystems/PSysThumbnail_NoImage.uasset" 30
"../../../Engine/Content/EditorMaterials/ParticleSystems/PSysThumbnail_OOD.uasset" 31
"../../../Engine/Content/EditorMaterials/Camera/CineMat.uasset" 32
"../../../Engine/Content/EditorMaterials/Camera/MI_CineMat_Rig.uasset" 33
"../../../Engine/Content/EditorMeshes/Camera/SM_CraneRig_Arm.uasset" 34
"../../../Engine/Content/EditorMeshes/Camera/SM_CraneRig_Base.uasset" 35
"../../../Engine/Content/EditorMeshes/Camera/SM_CraneRig_Body.uasset" 36
"../../../Engine/Content/EditorMeshes/Camera/SM_CraneRig_Mount.uasset" 37
"../../../Engine/Content/EditorMeshes/Camera/SM_RailRig_Mount.uasset" 38
"../../../Engine/Content/EditorMeshes/Camera/SM_RailRig_Track.uasset" 39
"../../../Engine/Content/EditorResources/BSPVertex.uasset" 40
"../../../Engine/Content/EditorResources/EmptyActor.uasset" 41
"../../../Engine/Content/EditorResources/S_Actor.uasset" 42
"../../../Engine/Content/EditorResources/S_Note.uasset" 43
"../../../Engine/Content/EditorResources/S_Solver.uasset" 44
"../../../Engine/Content/EditorResources/S_Trigger.uasset" 45
"../../../Engine/Content/EditorResources/LightIcons/S_LightError.uasset" 46
"../../../Engine/Content/EditorResources/SequenceRecorder/Countdown.uasset" 47
"../../../Engine/Content/EditorResources/SequenceRecorder/RecordingIndicator.uasset" 48
"../../../Engine/Content/EditorSounds/Notifications/CompileFailed.uasset" 49
"../../../Engine/Content/EditorSounds/Notifications/CompileFailed_Cue.uasset" 50
"../../../Engine/Content/EditorSounds/Notifications/CompileSuccess.uasset" 51
"../../../Engine/Content/EditorSounds/Notifications/CompileStart_Cue.uasset" 52
"../../../Engine/Content/EditorSounds/Notifications/CompileSuccess_Cue.uasset" 53
"../../../Engine/Content/EngineDamageTypes/DmgTypeBP_Environmental.uasset" 54
"../../../Engine/Content/EngineDebugMaterials/DebugEditorMaterial.uasset" 55
"../../../Engine/Content/EngineDebugMaterials/DebugMeshMaterial.uasset" 56
"../../../Engine/Content/EngineDebugMaterials/M_SimpleTranslucent.uasset" 57
"../../../Engine/Content/Functions/Engine_MaterialFunctions02/Utility/CameraDirectionVector.uasset" 58
"../../../Engine/Content/EngineDebugMaterials/VolumeToRender.uasset" 59
"../../../Engine/Content/EngineDebugMaterials/M_VolumeRenderSphereTracePP.uasset" 60
"../../../Engine/Content/EngineDebugMaterials/WireframeMaterial.uasset" 61
"../../../Engine/Content/EngineFonts/Faces/DroidSansFallback.uasset" 62
"../../../Engine/Content/EngineFonts/Faces/RobotoBold.uasset" 63
"../../../Engine/Content/EngineFonts/Faces/RobotoBoldItalic.uasset" 64
"../../../Engine/Content/EngineFonts/Faces/RobotoItalic.uasset" 65
"../../../Engine/Content/EngineFonts/Faces/RobotoLight.uasset" 66
"../../../Engine/Content/EngineFonts/Faces/RobotoRegular.uasset" 67
"../../../Engine/Content/EngineFonts/Roboto.uasset" 68
"../../../Engine/Content/EngineMaterials/BaseFlattenDiffuseMap.uasset" 69
"../../../Engine/Content/EngineMaterials/BaseFlattenEmissiveMap.uasset" 70
"../../../Engine/Content/EngineMaterials/BaseFlattenGrayscaleMap.uasset" 71
"../../../Engine/Content/EngineMaterials/BaseFlattenNormalMap.uasset" 72
"../../../Engine/Content/EngineMaterials/BaseFlattenMaterial.uasset" 73
"../../../Engine/Content/EngineMaterials/BlueNoise.uasset" 74
"../../../Engine/Content/EngineMaterials/DefaultBloomKernel.uasset" 75
"../../../Engine/Content/EngineMaterials/DefaultBokeh.uasset" 76
"../../../Engine/Content/EngineMaterials/DefaultDiffuse.uasset" 77
"../../../Engine/Content/EngineMaterials/DefaultDeferredDecalMaterial.uasset" 78
"../../../Engine/Content/EngineMaterials/DefaultLightFunctionMaterial.uasset" 79
"../../../Engine/Content/EngineMaterials/DefaultPhysicalMaterial.uasset" 80
"../../../Engine/Content/Functions/Engine_MaterialFunctions02/Utility/BreakOutFloat2Components.uasset" 81
"../../../Engine/Content/EngineMaterials/DefaultPostProcessMaterial.uasset" 82
"../../../Engine/Content/EngineFonts/RobotoDistanceField.uasset" 83
"../../../Engine/Content/EngineMaterials/DefaultTextMaterialOpaque.uasset" 84
"../../../Engine/Content/EngineMaterials/DefaultVirtualTextureMaterial.uasset" 85
"../../../Engine/Content/EngineMaterials/DefaultWhiteGrid.uasset" 86
"../../../Engine/Content/EngineMaterials/DefaultWhiteGrid_Low.uasset" 87
"../../../Engine/Content/EngineMaterials/EmissiveMeshMaterial.uasset" 88
"../../../Engine/Content/EngineMaterials/GizmoMaterial.uasset" 89
"../../../Engine/Content/EngineMaterials/Good64x64TilingNoiseHighFreq.uasset" 90
"../../../Engine/Content/EngineMaterials/HairDefaultMaterial.uasset" 91
"../../../Engine/Content/EngineMaterials/MiniFont.uasset" 92
"../../../Engine/Content/EngineMaterials/InvalidLightmapSettings.uasset" 93
"../../../Engine/Content/EngineMaterials/M_InvalidLightmapSettings.uasset" 94
"../../../Engine/Content/Functions/Engine_MaterialFunctions02/WorldPositionOffset/CameraOffset.uasset" 95
"../../../Engine/Content/EngineMaterials/PhAT_JointLimitMaterial.uasset" 96
"../../../Engine/Content/EngineMaterials/PreintegratedSkinBRDF.uasset" 97
"../../../Engine/Content/EngineMaterials/RemoveSurfaceMaterial.uasset" 98
"../../../Engine/Content/EngineMaterials/WeightMapPlaceholderTexture.uasset" 99
"../../../Engine/Content/EngineResources/WhiteSquareTexture.uasset" 100
"../../../Engine/Content/EngineMaterials/Widget3DPassThrough.uasset" 101
"../../../Engine/Content/EngineMaterials/Widget3DPassThrough_Masked.uasset" 102
"../../../Engine/Content/EngineMaterials/Widget3DPassThrough_Opaque.uasset" 103
"../../../Engine/Content/EngineMaterials/Widget3DPassThrough_Masked_OneSided.uasset" 104
"../../../Engine/Content/EngineMaterials/Widget3DPassThrough_Opaque_OneSided.uasset" 105
"../../../Engine/Content/EngineMaterials/Widget3DPassThrough_Translucent.uasset" 106
"../../../Engine/Content/EngineMaterials/Widget3DPassThrough_Translucent_OneSided.uasset" 107
"../../../Engine/Content/EngineMeshes/Cylinder.uasset" 108
"../../../Engine/Content/EngineMeshes/Sphere.uasset" 109
"../../../Engine/Content/EngineResources/Black.uasset" 110
"../../../Engine/Content/EngineResources/DefaultTexture.uasset" 111
"../../../Engine/Content/EngineResources/DefaultTextureCube.uasset" 112
"../../../Engine/Content/EngineResources/DefaultVolumeTexture2D.uasset" 113
"../../../Engine/Content/EngineResources/DefaultVolumeTexture.uasset" 114
"../../../Engine/Content/EngineResources/GradientTexture0.uasset" 115
"../../../Engine/Content/EngineSounds/Master.uasset" 116
"../../../Engine/Content/Functions/Engine_MaterialFunctions01/Shading/ConvertFromDiffSpec.uasset" 117
"../../../Engine/Content/Functions/Engine_MaterialFunctions01/Shading/PowerToRoughness.uasset" 118
"../../../Engine/Content/Maps/Templates/Thumbnails/Default.uasset" 119
"../../../Engine/Content/Maps/Templates/Thumbnails/TimeOfDay.uasset" 120
"../../../Engine/Content/Maps/Templates/Thumbnails/VR-Basic.uasset" 121
"../../../Engine/Content/MobileResources/T_MobileControls_texture.uasset" 122
"../../../Engine/Content/MobileResources/T_MobileMenu2.uasset" 123
"../../../Engine/Content/MobileResources/HUD/AnalogHat.uasset" 124
"../../../Engine/Content/MobileResources/HUD/VirtualJoystick_Background.uasset" 125
"../../../Engine/Content/MobileResources/HUD/VirtualJoystick_Thumb.uasset" 126
"../../../Engine/Content/MobileResources/HUD/DefaultVirtualJoysticks.uasset" 127
"../../../Engine/Content/MobileResources/HUD/LeftVirtualJoystickOnly.uasset" 128
"../../../Engine/Content/MobileResources/HUD/MobileHUDButton1_off.uasset" 129
"../../../Engine/Content/MobileResources/HUD/MobileHUDButton1_on.uasset" 130
"../../../Engine/Content/MobileResources/HUD/MobileHUDButton2_off.uasset" 131
"../../../Engine/Content/MobileResources/HUD/MobileHUDButton2_on.uasset" 132
"../../../Engine/Content/MobileResources/HUD/MobileHUDButton3.uasset" 133
"../../../Engine/Content/MobileResources/HUD/MobileHUDButtonFire.uasset" 134
"../../../Engine/Content/MobileResources/HUD/MobileHUDDirectionPad.uasset" 135
"../../../Engine/Content/MobileResources/HUD/MobileHUDDirectionPad2.uasset" 136
"../../../Engine/Content/MobileResources/HUD/MobileHUDDirectionPad3.uasset" 137
"../../../Engine/Content/MobileResources/HUD/MobileHUDDirectionStick.uasset" 138
"../../../Engine/Content/MobileResources/HUD/T_Castle_ThumbstickInner.uasset" 139
"../../../Engine/Content/MobileResources/HUD/T_Castle_ThumbstickOutter.uasset" 140
"../../../Engine/Content/Tutorial/ContentIntroCurve.uasset" 141
"../../../Engine/Content/Tutorial/Basics/LevelEditorAttract.uasset" 142
"../../../Engine/Content/Tutorial/Landscape/TutorialAssets/Landscape.uasset" 143
"../../../Engine/Content/Tutorial/Landscape/LandscapeWalkThrough.uasset" 144
"../../../Engine/Content/Tutorial/Landscape/Landscape_Manage_Mode.uasset" 145
"../../../Engine/Content/EditorBlueprintResources/StandardMacros.uasset" 146
"../../../Engine/Content/Tutorial/Landscape/Landscape_Painting_Mode.uasset" 147
"../../../Engine/Content/Tutorial/Landscape/Landscape_Sculpt_Mode.uasset" 148
"../../../Engine/Content/VREditor/LaserPointer/VR_LaserPower_01.uasset" 149
"../../../Engine/Content/VREditor/TransformGizmo/TransformGizmoMaterial.uasset" 150
"../../../Engine/Content/VREditor/TransformGizmo/TranslucentTransformGizmoMaterial.uasset" 151
"../../../Engine/Content/VREditor/TransformGizmo/BoundingBoxCorner.uasset" 152
"../../../Engine/Content/VREditor/TransformGizmo/BoundingBoxEdge.uasset" 153
"../../../Engine/Content/VREditor/TransformGizmo/PlaneTranslationHandle.uasset" 154
"../../../Engine/Content/VREditor/TransformGizmo/Main.uasset" 155
"../../../Engine/Content/VREditor/TransformGizmo/Xray.uasset" 156
"../../../Engine/Content/VREditor/TransformGizmo/SM_Sequencer_Key.uasset" 157
"../../../Engine/Content/VREditor/TransformGizmo/SM_Sequencer_Node.uasset" 158
"../../Plugins/2D/Paper2D/Content/PlaceholderTextures/DummySpriteTexture.uasset" 159
"../../Plugins/2D/Paper2D/Content/DummySprite.uasset" 160
"../../Plugins/2D/Paper2D/Content/DefaultPaperTerrainMaterial.uasset" 161
"../../Plugins/2D/Paper2D/Content/DummySpriteTexture.uasset" 162
"../../Plugins/2D/Paper2D/Content/DefaultSpriteMaterial.uasset" 163
"../../Plugins/2D/Paper2D/Content/MaskedUnlitSpriteMaterial.uasset" 164
"../../Plugins/2D/Paper2D/Content/OpaqueUnlitSpriteMaterial.uasset" 165
"../../../Engine/Content/Functions/Engine_MaterialFunctions02/Utility/BreakOutFloat4Components.uasset" 166
"../../../Engine/Content/Functions/Engine_MaterialFunctions02/Utility/MakeFloat2.uasset" 167
"../../../Engine/Content/Functions/Engine_MaterialFunctions02/Utility/MakeFloat3.uasset" 168
"../../Plugins/Runtime/Oculus/OculusVR/Content/Materials/OculusMR_ChromaKey.uasset" 169
"../../Plugins/Runtime/Oculus/OculusVR/Content/Materials/OculusMR_ChromaKey_Lit.uasset" 170
"../../Plugins/Runtime/Oculus/OculusVR/Content/Materials/OculusMR_OpaqueColoredMaterial.uasset" 171
"../../Plugins/Runtime/Oculus/OculusVR/Content/Materials/OculusMR_WhiteMaterial.uasset" 172
"S:/WIP/10_AfterLife/01_Unreal_Engine/AfterLife/Content/Hero/model/Hero_Skeleton.uasset" 173
"S:/WIP/10_AfterLife/01_Unreal_Engine/AfterLife/Content/Hero/Animations/Dying_Backwards.uasset" 174
"S:/WIP/10_AfterLife/01_Unreal_Engine/AfterLife/Content/Hero/Animations/Hard_Landing.uasset" 175
"S:/WIP/10_AfterLife/01_Unreal_Engine/AfterLife/Content/Hero/Animations/Sword_And_Shield_Attack.uasset" 176
"S:/WIP/10_AfterLife/01_Unreal_Engine/AfterLife/Content/Hero/Animations/Sword_And_Shield_Block.uasset" 177
"S:/WIP/10_AfterLife/01_Unreal_Engine/AfterLife/Content/Hero/Animations/Sword_And_Shield_Impact.uasset" 178
"S:/WIP/10_AfterLife/01_Unreal_Engine/AfterLife/Content/Sounds/SC_Footsteps.uasset" 179
"S:/WIP/10_AfterLife/01_Unreal_Engine/AfterLife/Content/Hero/Animations/Sword_And_Shield_BackWalk.uasset" 180
"S:/WIP/10_AfterLife/01_Unreal_Engine/AfterLife/Content/Hero/Animations/Sword_And_Shield_Idle.uasset" 181
"S:/WIP/10_AfterLife/01_Unreal_Engine/AfterLife/Content/Hero/Animations/Sword_And_Shield_Run.uasset" 182
"S:/WIP/10_AfterLife/01_Unreal_Engine/AfterLife/Content/Hero/Animations/Sword_And_Shield_Strafe.uasset" 183
"S:/WIP/10_AfterLife/01_Unreal_Engine/AfterLife/Content/Hero/Animations/Sword_And_Shield_Walk.uasset" 184
"S:/WIP/10_AfterLife/01_Unreal_Engine/AfterLife/Content/Hero/BS_HeroArmed.uasset" 185
"S:/WIP/10_AfterLife/01_Unreal_Engine/AfterLife/Content/Hero/Animations/IdleNoSword_Anim_mixamo_com.uasset" 186
"S:/WIP/10_AfterLife/01_Unreal_Engine/AfterLife/Content/Hero/Animations/RunningNoSword.uasset" 187
"S:/WIP/10_AfterLife/01_Unreal_Engine/AfterLife/Content/Hero/Animations/WalkingNoSword.uasset" 188
"S:/WIP/10_AfterLife/01_Unreal_Engine/AfterLife/Content/Hero/BS_HeroUnArmed.uasset" 189
"S:/WIP/10_AfterLife/01_Unreal_Engine/AfterLife/Content/System/BP_Library.uasset" 190
"S:/WIP/10_AfterLife/01_Unreal_Engine/AfterLife/Content/Hero/S_States.uasset" 191
"S:/WIP/10_AfterLife/01_Unreal_Engine/AfterLife/Content/Hero/AB_Hero.uasset" 192
"S:/WIP/10_AfterLife/01_Unreal_Engine/AfterLife/Content/Materials/Textures/T_Dirty_Weapon_Set2_OcclusionRoughnessMetallic.uasset" 193
"S:/WIP/10_AfterLife/01_Unreal_Engine/AfterLife/Content/Materials/Textures/T_Weapon_Set2_BaseColor.uasset" 194
"S:/WIP/10_AfterLife/01_Unreal_Engine/AfterLife/Content/Materials/Textures/T_Weapon_Set2_Normal.uasset" 195
"S:/WIP/10_AfterLife/01_Unreal_Engine/AfterLife/Content/Materials/M_WeaponSet_2.uasset" 196
"S:/WIP/10_AfterLife/01_Unreal_Engine/AfterLife/Content/Assets/SM_Axe.uasset" 197
"S:/WIP/10_AfterLife/01_Unreal_Engine/AfterLife/Content/Materials/Textures/T_Weapon_Set1_BaseColor.uasset" 198
"S:/WIP/10_AfterLife/01_Unreal_Engine/AfterLife/Content/Materials/Textures/T_Weapon_Set1_Normal.uasset" 199
"S:/WIP/10_AfterLife/01_Unreal_Engine/AfterLife/Content/Materials/Textures/T_Weapon_Set1_OcclusionRoughnessMetallic.uasset" 200
"S:/WIP/10_AfterLife/01_Unreal_Engine/AfterLife/Content/Materials/M_WeaponSet_1.uasset" 201
"S:/WIP/10_AfterLife/01_Unreal_Engine/AfterLife/Content/Assets/SM_Shield.uasset" 202
"S:/WIP/10_AfterLife/01_Unreal_Engine/AfterLife/Content/Hero/model/MEDEA_diffuse.uasset" 203
"S:/WIP/10_AfterLife/01_Unreal_Engine/AfterLife/Content/Hero/model/MEDEA_glow.uasset" 204
"S:/WIP/10_AfterLife/01_Unreal_Engine/AfterLife/Content/Hero/model/MEDEA_specular.uasset" 205
"S:/WIP/10_AfterLife/01_Unreal_Engine/AfterLife/Content/Hero/model/Mdea_MAT.uasset" 206
"S:/WIP/10_AfterLife/01_Unreal_Engine/AfterLife/Content/Hero/model/Hero_PhysicsAsset.uasset" 207
"S:/WIP/10_AfterLife/01_Unreal_Engine/AfterLife/Content/Hero/model/Hero.uasset" 208
"S:/WIP/10_AfterLife/01_Unreal_Engine/AfterLife/Content/UI/UI_Main.uasset" 209
"S:/WIP/10_AfterLife/01_Unreal_Engine/AfterLife/Content/Hero/BP_Hero.uasset" 210
"S:/WIP/10_AfterLife/01_Unreal_Engine/AfterLife/Content/System/BP_PlayerControllerBase.uasset" 211
"S:/WIP/10_AfterLife/01_Unreal_Engine/AfterLife/Content/System/BP_GameModBase.uasset" 212
"S:/WIP/10_AfterLife/01_Unreal_Engine/AfterLife/Content/Maps/base_BuiltData.uasset" 213
"S:/WIP/10_AfterLife/01_Unreal_Engine/AfterLife/Content/StarterContent/Textures/T_Brick_Clay_New_D.uasset" 214
"S:/WIP/10_AfterLife/01_Unreal_Engine/AfterLife/Content/StarterContent/Textures/T_Brick_Clay_New_M.uasset" 215
"S:/WIP/10_AfterLife/01_Unreal_Engine/AfterLife/Content/StarterContent/Textures/T_Brick_Clay_New_N.uasset" 216
"S:/WIP/10_AfterLife/01_Unreal_Engine/AfterLife/Content/StarterContent/Textures/T_Detail_Rocky_N.uasset" 217
"S:/WIP/10_AfterLife/01_Unreal_Engine/AfterLife/Content/StarterContent/Textures/T_MacroVariation.uasset" 218
"S:/WIP/10_AfterLife/01_Unreal_Engine/AfterLife/Content/StarterContent/Materials/M_Brick_Clay_New.uasset" 219
"S:/WIP/10_AfterLife/01_Unreal_Engine/AfterLife/Content/Maps/base.umap" 220
"S:/WIP/10_AfterLife/01_Unreal_Engine/AfterLife/Content/Enemies/AngerMonster/Monster_Anger_Skeleton.uasset" 221
"S:/WIP/10_AfterLife/01_Unreal_Engine/AfterLife/Content/Enemies/AngerMonster/Anims/A_Monster_AngerIDLE.uasset" 222
"S:/WIP/10_AfterLife/01_Unreal_Engine/AfterLife/Content/Enemies/AngerMonster/Anims/A_MonsterAngerRun.uasset" 223
"S:/WIP/10_AfterLife/01_Unreal_Engine/AfterLife/Content/Enemies/AngerMonster/Anims/BS_AngerMonsterFight.uasset" 224
"S:/WIP/10_AfterLife/01_Unreal_Engine/AfterLife/Content/Enemies/AngerMonster/Anims/A_Monster_Anger_Running.uasset" 225
"S:/WIP/10_AfterLife/01_Unreal_Engine/AfterLife/Content/Enemies/AngerMonster/Anims/BS_AngerMonsterPatrol.uasset" 226
"S:/WIP/10_AfterLife/01_Unreal_Engine/AfterLife/Content/Enemies/AngerMonster/AB_MonsterAnger.uasset" 227
"S:/WIP/10_AfterLife/01_Unreal_Engine/AfterLife/Content/Hero/MannequinUE4/Character/Mesh/UE4_Mannequin_Skeleton.uasset" 228
"S:/WIP/10_AfterLife/01_Unreal_Engine/AfterLife/Content/Hero/MannequinUE4/Animations/ThirdPerson_Jump.uasset" 229
"S:/WIP/10_AfterLife/01_Unreal_Engine/AfterLife/Content/Hero/MannequinUE4/Animations/ThirdPersonJump_Loop.uasset" 230
"S:/WIP/10_AfterLife/01_Unreal_Engine/AfterLife/Content/Hero/MannequinUE4/Animations/ThirdPersonJump_Start.uasset" 231
"S:/WIP/10_AfterLife/01_Unreal_Engine/AfterLife/Content/Hero/MannequinUE4/Animations/ThirdPersonIdle.uasset" 232
"S:/WIP/10_AfterLife/01_Unreal_Engine/AfterLife/Content/Hero/MannequinUE4/Animations/ThirdPersonRun.uasset" 233
"S:/WIP/10_AfterLife/01_Unreal_Engine/AfterLife/Content/Hero/MannequinUE4/Animations/ThirdPersonWalk.uasset" 234
"S:/WIP/10_AfterLife/01_Unreal_Engine/AfterLife/Content/Hero/MannequinUE4/Animations/ThirdPerson_IdleRun_2D.uasset" 235
"S:/WIP/10_AfterLife/01_Unreal_Engine/AfterLife/Content/Hero/MannequinUE4/Animations/ThirdPerson_AnimBP.uasset" 236
"S:/WIP/10_AfterLife/01_Unreal_Engine/AfterLife/Content/Enemies/AngerMonster/Anims/A_Jump_Attack.uasset" 237
"S:/WIP/10_AfterLife/01_Unreal_Engine/AfterLife/Content/Enemies/AngerMonster/Anims/A_MonsterAnger_Attack.uasset" 238
"S:/WIP/10_AfterLife/01_Unreal_Engine/AfterLife/Content/Enemies/AngerMonster/BB_AngerMonster.uasset" 239
"S:/WIP/10_AfterLife/01_Unreal_Engine/AfterLife/Content/Enemies/AngerMonster/ServicesTasks/ChasePlayer.uasset" 240
"S:/WIP/10_AfterLife/01_Unreal_Engine/AfterLife/Content/Enemies/BP_PatrolPAthing.uasset" 241
"S:/WIP/10_AfterLife/01_Unreal_Engine/AfterLife/Content/Enemies/AngerMonster/ServicesTasks/GesturePatrol.uasset" 242
"S:/WIP/10_AfterLife/01_Unreal_Engine/AfterLife/Content/Enemies/AngerMonster/ServicesTasks/IncrementPathIndex.uasset" 243
"S:/WIP/10_AfterLife/01_Unreal_Engine/AfterLife/Content/Enemies/AngerMonster/ServicesTasks/S_GetDistance.uasset" 244
"S:/WIP/10_AfterLife/01_Unreal_Engine/AfterLife/Content/Enemies/AngerMonster/ServicesTasks/S_GetPlayerLocation.uasset" 245
"S:/WIP/10_AfterLife/01_Unreal_Engine/AfterLife/Content/Enemies/AngerMonster/ServicesTasks/S_ListenForIsJumping.uasset" 246
"S:/WIP/10_AfterLife/01_Unreal_Engine/AfterLife/Content/Enemies/AngerMonster/ServicesTasks/Set_IsInFight.uasset" 247
"S:/WIP/10_AfterLife/01_Unreal_Engine/AfterLife/Content/Enemies/AngerMonster/StopMovement.uasset" 248
"S:/WIP/10_AfterLife/01_Unreal_Engine/AfterLife/Content/Enemies/AngerMonster/BT_AngerMonster.uasset" 249
"S:/WIP/10_AfterLife/01_Unreal_Engine/AfterLife/Content/Enemies/AngerMonster/AIC_AngerMonster.uasset" 250
"../../../Engine/Content/Functions/Engine_MaterialFunctions02/Utility/BlendAngleCorrectedNormals.uasset" 251
"../../../Engine/Content/Functions/MaterialLayerFunctions/MatLayerBlend_NormalBlend.uasset" 252
"../../../Engine/Content/Functions/MaterialLayerFunctions/MatLayerBlend_Simple.uasset" 253
"S:/WIP/10_AfterLife/01_Unreal_Engine/AfterLife/Content/Hero/MannequinUE4/Character/Materials/MaterialLayers/T_ML_Rubber_Blue_01_D.uasset" 254
"S:/WIP/10_AfterLife/01_Unreal_Engine/AfterLife/Content/Hero/MannequinUE4/Character/Materials/MaterialLayers/T_ML_Rubber_Blue_01_N.uasset" 255
"S:/WIP/10_AfterLife/01_Unreal_Engine/AfterLife/Content/Hero/MannequinUE4/Character/Materials/MaterialLayers/ML_GlossyBlack_Latex_UE4.uasset" 256
"S:/WIP/10_AfterLife/01_Unreal_Engine/AfterLife/Content/Hero/MannequinUE4/Character/Materials/MaterialLayers/ML_Plastic_Shiny_Beige.uasset" 257
"S:/WIP/10_AfterLife/01_Unreal_Engine/AfterLife/Content/Hero/MannequinUE4/Character/Textures/UE4_LOGO_CARD.uasset" 258
"S:/WIP/10_AfterLife/01_Unreal_Engine/AfterLife/Content/Hero/MannequinUE4/Character/Materials/MaterialLayers/ML_Plastic_Shiny_Beige_LOGO.uasset" 259
"S:/WIP/10_AfterLife/01_Unreal_Engine/AfterLife/Content/Hero/MannequinUE4/Character/Materials/MaterialLayers/T_ML_Aluminum01.uasset" 260
"S:/WIP/10_AfterLife/01_Unreal_Engine/AfterLife/Content/Hero/MannequinUE4/Character/Materials/MaterialLayers/T_ML_Aluminum01_N.uasset" 261
"S:/WIP/10_AfterLife/01_Unreal_Engine/AfterLife/Content/Hero/MannequinUE4/Character/Materials/MaterialLayers/ML_SoftMetal_UE4.uasset" 262
"S:/WIP/10_AfterLife/01_Unreal_Engine/AfterLife/Content/Hero/MannequinUE4/Character/Textures/UE4_Mannequin__normals.uasset" 263
"S:/WIP/10_AfterLife/01_Unreal_Engine/AfterLife/Content/Hero/MannequinUE4/Character/Textures/UE4_Mannequin_MAT_MASKA.uasset" 264
"S:/WIP/10_AfterLife/01_Unreal_Engine/AfterLife/Content/Hero/MannequinUE4/Character/Materials/M_UE4Man_Body.uasset" 265
"S:/WIP/10_AfterLife/01_Unreal_Engine/AfterLife/Content/Hero/MannequinUE4/Character/Textures/UE4Man_Logo_N.uasset" 266
"S:/WIP/10_AfterLife/01_Unreal_Engine/AfterLife/Content/Hero/MannequinUE4/Character/Materials/M_UE4Man_ChestLogo.uasset" 267
"S:/WIP/10_AfterLife/01_Unreal_Engine/AfterLife/Content/Hero/MannequinUE4/Character/Mesh/SK_Mannequin_PhysicsAsset.uasset" 268
"S:/WIP/10_AfterLife/01_Unreal_Engine/AfterLife/Content/Hero/MannequinUE4/Character/Mesh/SK_Mannequin.uasset" 269
"S:/WIP/10_AfterLife/01_Unreal_Engine/AfterLife/Content/Enemies/BP_Enemies.uasset" 270
"S:/WIP/10_AfterLife/01_Unreal_Engine/AfterLife/Content/Enemies/AngerMonster/Materials/T_Monster_Anger_diffuse.uasset" 271
"S:/WIP/10_AfterLife/01_Unreal_Engine/AfterLife/Content/Enemies/AngerMonster/Materials/T_Monster_Anger_normal.uasset" 272
"S:/WIP/10_AfterLife/01_Unreal_Engine/AfterLife/Content/Enemies/AngerMonster/Materials/T_Monster_Anger_specular.uasset" 273
"S:/WIP/10_AfterLife/01_Unreal_Engine/AfterLife/Content/Enemies/AngerMonster/Materials/M_MonsterAnger.uasset" 274
"S:/WIP/10_AfterLife/01_Unreal_Engine/AfterLife/Content/Enemies/AngerMonster/Monster_Anger_PhysicsAsset.uasset" 275
"S:/WIP/10_AfterLife/01_Unreal_Engine/AfterLife/Content/Enemies/AngerMonster/Monster_Anger.uasset" 276
"S:/WIP/10_AfterLife/01_Unreal_Engine/AfterLife/Content/Sounds/DetectedSound.uasset" 277
"S:/WIP/10_AfterLife/01_Unreal_Engine/AfterLife/Content/Enemies/AngerMonster/BP_MonsterAnger.uasset" 278
"S:/WIP/10_AfterLife/01_Unreal_Engine/AfterLife/Content/Assets/lambert1.uasset" 279
"S:/WIP/10_AfterLife/01_Unreal_Engine/AfterLife/Content/Assets/DestructiblePot.uasset" 280
"S:/WIP/10_AfterLife/01_Unreal_Engine/AfterLife/Content/Assets/DestructiblePot_DM.uasset" 281
"S:/WIP/10_AfterLife/01_Unreal_Engine/AfterLife/Content/StarterContent/Textures/T_Door_M.uasset" 282
"S:/WIP/10_AfterLife/01_Unreal_Engine/AfterLife/Content/StarterContent/Textures/T_Door_N.uasset" 283
"S:/WIP/10_AfterLife/01_Unreal_Engine/AfterLife/Content/StarterContent/Props/Materials/M_Door.uasset" 284
"S:/WIP/10_AfterLife/01_Unreal_Engine/AfterLife/Content/Assets/BP_Destructible.uasset" 285
"S:/WIP/10_AfterLife/01_Unreal_Engine/AfterLife/Content/Assets/Paintings/01/T_painting01_1_BaseColor.uasset" 286
"S:/WIP/10_AfterLife/01_Unreal_Engine/AfterLife/Content/Assets/Paintings/01/T_painting01_1_Normal.uasset" 287
"S:/WIP/10_AfterLife/01_Unreal_Engine/AfterLife/Content/Assets/Paintings/01/T_painting01_1_OcclusionRoughnessMetallic.uasset" 288
"S:/WIP/10_AfterLife/01_Unreal_Engine/AfterLife/Content/Assets/Paintings/01/M_painting01.uasset" 289
"S:/WIP/10_AfterLife/01_Unreal_Engine/AfterLife/Content/Assets/Paintings/01/T_painting01_2_BaseColor.uasset" 290
"S:/WIP/10_AfterLife/01_Unreal_Engine/AfterLife/Content/Assets/Paintings/01/T_painting01_2_Normal.uasset" 291
"S:/WIP/10_AfterLife/01_Unreal_Engine/AfterLife/Content/Assets/Paintings/01/T_painting01_2_OcclusionRoughnessMetallic.uasset" 292
"S:/WIP/10_AfterLife/01_Unreal_Engine/AfterLife/Content/Assets/Paintings/01/M_painting01_2.uasset" 293
"S:/WIP/10_AfterLife/01_Unreal_Engine/AfterLife/Content/Assets/Paintings/01/T_painting01_3_BaseColor.uasset" 294
"S:/WIP/10_AfterLife/01_Unreal_Engine/AfterLife/Content/Assets/Paintings/01/T_painting01_3_Normal.uasset" 295
"S:/WIP/10_AfterLife/01_Unreal_Engine/AfterLife/Content/Assets/Paintings/01/T_painting01_3_OcclusionRoughnessMetallic.uasset" 296
"S:/WIP/10_AfterLife/01_Unreal_Engine/AfterLife/Content/Assets/Paintings/01/M_painting01_3.uasset" 297
"S:/WIP/10_AfterLife/01_Unreal_Engine/AfterLife/Content/Assets/Paintings/01/T_painting01_BaseColor.uasset" 298
"S:/WIP/10_AfterLife/01_Unreal_Engine/AfterLife/Content/Assets/Paintings/01/T_painting01_Normal.uasset" 299
"S:/WIP/10_AfterLife/01_Unreal_Engine/AfterLife/Content/Assets/Paintings/01/T_painting01_OcclusionRoughnessMetallic.uasset" 300
"S:/WIP/10_AfterLife/01_Unreal_Engine/AfterLife/Content/Assets/Paintings/01/M_painting01_4.uasset" 301
"S:/WIP/10_AfterLife/01_Unreal_Engine/AfterLife/Content/Assets/Paintings/01/SM_painting01_low.uasset" 302
"S:/WIP/10_AfterLife/01_Unreal_Engine/AfterLife/Content/Assets/Paintings/01/BP_Painting01.uasset" 303
"S:/WIP/10_AfterLife/01_Unreal_Engine/AfterLife/Content/Assets/Paintings/02/T_painting02_1_BaseColor.uasset" 304
"S:/WIP/10_AfterLife/01_Unreal_Engine/AfterLife/Content/Assets/Paintings/02/T_painting02_1_Normal.uasset" 305
"S:/WIP/10_AfterLife/01_Unreal_Engine/AfterLife/Content/Assets/Paintings/02/T_painting02_1_OcclusionRoughnessMetallic.uasset" 306
"S:/WIP/10_AfterLife/01_Unreal_Engine/AfterLife/Content/Assets/Paintings/02/M_painting02_1.uasset" 307
"S:/WIP/10_AfterLife/01_Unreal_Engine/AfterLife/Content/Assets/Paintings/02/T_painting02_BaseColor.uasset" 308
"S:/WIP/10_AfterLife/01_Unreal_Engine/AfterLife/Content/Assets/Paintings/02/T_painting02_Normal.uasset" 309
"S:/WIP/10_AfterLife/01_Unreal_Engine/AfterLife/Content/Assets/Paintings/02/T_painting02_OcclusionRoughnessMetallic.uasset" 310
"S:/WIP/10_AfterLife/01_Unreal_Engine/AfterLife/Content/Assets/Paintings/02/M_painting02_2.uasset" 311
"S:/WIP/10_AfterLife/01_Unreal_Engine/AfterLife/Content/Assets/Paintings/02/SM_painting02_low.uasset" 312
"S:/WIP/10_AfterLife/01_Unreal_Engine/AfterLife/Content/Assets/Paintings/02/BP_Painting02.uasset" 313
"S:/WIP/10_AfterLife/01_Unreal_Engine/AfterLife/Content/Assets/Paintings/03/T_painting03_1_BaseColor.uasset" 314
"S:/WIP/10_AfterLife/01_Unreal_Engine/AfterLife/Content/Assets/Paintings/03/T_painting03_1_Normal.uasset" 315
"S:/WIP/10_AfterLife/01_Unreal_Engine/AfterLife/Content/Assets/Paintings/03/T_painting03_1_OcclusionRoughnessMetallic.uasset" 316
"S:/WIP/10_AfterLife/01_Unreal_Engine/AfterLife/Content/Assets/Paintings/03/M_painting03_1.uasset" 317
"S:/WIP/10_AfterLife/01_Unreal_Engine/AfterLife/Content/Assets/Paintings/03/T_painting03_2_BaseColor.uasset" 318
"S:/WIP/10_AfterLife/01_Unreal_Engine/AfterLife/Content/Assets/Paintings/03/T_painting03_2_Normal.uasset" 319
"S:/WIP/10_AfterLife/01_Unreal_Engine/AfterLife/Content/Assets/Paintings/03/T_painting03_2_OcclusionRoughnessMetallic.uasset" 320
"S:/WIP/10_AfterLife/01_Unreal_Engine/AfterLife/Content/Assets/Paintings/03/M_painting03_2.uasset" 321
"S:/WIP/10_AfterLife/01_Unreal_Engine/AfterLife/Content/Assets/Paintings/03/T_painting03_3_BaseColor.uasset" 322
"S:/WIP/10_AfterLife/01_Unreal_Engine/AfterLife/Content/Assets/Paintings/03/T_painting03_3_Normal.uasset" 323
"S:/WIP/10_AfterLife/01_Unreal_Engine/AfterLife/Content/Assets/Paintings/03/T_painting03_3_OcclusionRoughnessMetallic.uasset" 324
"S:/WIP/10_AfterLife/01_Unreal_Engine/AfterLife/Content/Assets/Paintings/03/M_painting03_3.uasset" 325
"S:/WIP/10_AfterLife/01_Unreal_Engine/AfterLife/Content/Assets/Paintings/03/T_painting03_4_BaseColor.uasset" 326
"S:/WIP/10_AfterLife/01_Unreal_Engine/AfterLife/Content/Assets/Paintings/03/T_painting03_4_Normal.uasset" 327
"S:/WIP/10_AfterLife/01_Unreal_Engine/AfterLife/Content/Assets/Paintings/03/T_painting03_4_OcclusionRoughnessMetallic.uasset" 328
"S:/WIP/10_AfterLife/01_Unreal_Engine/AfterLife/Content/Assets/Paintings/03/M_painting03_4.uasset" 329
"S:/WIP/10_AfterLife/01_Unreal_Engine/AfterLife/Content/Assets/Paintings/03/SM_painting03_low.uasset" 330
"S:/WIP/10_AfterLife/01_Unreal_Engine/AfterLife/Content/Assets/Paintings/03/BP_Painting01.uasset" 331
"S:/WIP/10_AfterLife/01_Unreal_Engine/AfterLife/Content/Assets/Torch_01/T_torch_01_BaseColor.uasset" 332
"S:/WIP/10_AfterLife/01_Unreal_Engine/AfterLife/Content/Assets/Torch_01/T_torch_01_Normal.uasset" 333
"S:/WIP/10_AfterLife/01_Unreal_Engine/AfterLife/Content/Assets/Torch_01/T_torch_01_OcclusionRoughnessMetallic.uasset" 334
"S:/WIP/10_AfterLife/01_Unreal_Engine/AfterLife/Content/Assets/Torch_01/M_torch_01.uasset" 335
"S:/WIP/10_AfterLife/01_Unreal_Engine/AfterLife/Content/Assets/Torch_01/sm_torch_01_low.uasset" 336
"S:/WIP/10_AfterLife/01_Unreal_Engine/AfterLife/Content/StarterContent/Textures/T_Fire_SubUV.uasset" 337
"S:/WIP/10_AfterLife/01_Unreal_Engine/AfterLife/Content/StarterContent/Textures/T_Fire_Tiled_D.uasset" 338
"S:/WIP/10_AfterLife/01_Unreal_Engine/AfterLife/Content/StarterContent/Particles/Materials/M_Fire_SubUV.uasset" 339
"S:/WIP/10_AfterLife/01_Unreal_Engine/AfterLife/Content/StarterContent/Textures/T_Water_N.uasset" 340
"S:/WIP/10_AfterLife/01_Unreal_Engine/AfterLife/Content/StarterContent/Particles/Materials/M_Heat_Distortion.uasset" 341
"../../../Engine/Content/Functions/Engine_MaterialFunctions01/Gradient/RadialGradient.uasset" 342
"S:/WIP/10_AfterLife/01_Unreal_Engine/AfterLife/Content/StarterContent/Particles/Materials/M_Radial_Gradient.uasset" 343
"S:/WIP/10_AfterLife/01_Unreal_Engine/AfterLife/Content/StarterContent/Textures/T_Smoke_SubUV.uasset" 344
"S:/WIP/10_AfterLife/01_Unreal_Engine/AfterLife/Content/StarterContent/Textures/T_Smoke_Tiled_D.uasset" 345
"S:/WIP/10_AfterLife/01_Unreal_Engine/AfterLife/Content/StarterContent/Particles/Materials/M_smoke_subUV.uasset" 346
"S:/WIP/10_AfterLife/01_Unreal_Engine/AfterLife/Content/StarterContent/Particles/P_Fire.uasset" 347
"S:/WIP/10_AfterLife/01_Unreal_Engine/AfterLife/Content/Assets/Torch_01/BP_Torch01.uasset" 348
"S:/WIP/10_AfterLife/01_Unreal_Engine/AfterLife/Content/Assets/Torch_02/T_torch_02_BaseColor.uasset" 349
"S:/WIP/10_AfterLife/01_Unreal_Engine/AfterLife/Content/Assets/Torch_02/T_torch_02_Normal.uasset" 350
"S:/WIP/10_AfterLife/01_Unreal_Engine/AfterLife/Content/Assets/Torch_02/T_torch_02_OcclusionRoughnessMetallic.uasset" 351
"S:/WIP/10_AfterLife/01_Unreal_Engine/AfterLife/Content/Assets/Torch_02/m_torch_02.uasset" 352
"S:/WIP/10_AfterLife/01_Unreal_Engine/AfterLife/Content/Assets/Torch_02/sm_torch_02_low.uasset" 353
"S:/WIP/10_AfterLife/01_Unreal_Engine/AfterLife/Content/Assets/Torch_02/BP_Torch02.uasset" 354
"../../../Engine/Content/Functions/Engine_MaterialFunctions03/ComplexMotion/Motion_4WayChaos.uasset" 355
"../../../Engine/Content/Engine_MI_Shaders/T_Base_Tile_Normal.uasset" 356
"../../../Engine/Content/Functions/Engine_MaterialFunctions03/ComplexMotion/Motion_4WayChaos_Normal.uasset" 357
"../../../Engine/Content/MapTemplates/Sky/DaylightAmbientCubemap.uasset" 358
"S:/WIP/10_AfterLife/01_Unreal_Engine/AfterLife/Content/StarterContent/WaterPlane/Lake/Textures/T_SmallWaves_N.uasset" 359
"S:/WIP/10_AfterLife/01_Unreal_Engine/AfterLife/Content/StarterContent/WaterPlane/Ocean/Materials/OceanWater_SS.uasset" 360
"S:/WIP/10_AfterLife/01_Unreal_Engine/AfterLife/Content/StarterContent/WaterPlane/Ocean/Textures/T_LargeWaves_H.uasset" 361
"S:/WIP/10_AfterLife/01_Unreal_Engine/AfterLife/Content/StarterContent/WaterPlane/Ocean/Textures/T_LargeWaves_N.uasset" 362
"S:/WIP/10_AfterLife/01_Unreal_Engine/AfterLife/Content/StarterContent/WaterPlane/Ocean/Textures/T_Seafoam_01.uasset" 363
"S:/WIP/10_AfterLife/01_Unreal_Engine/AfterLife/Content/StarterContent/WaterPlane/Ocean/Materials/M_OceanWater_1.uasset" 364
"../../../Engine/Content/MapTemplates/Sky/Desert_Outer_HDR.uasset" 365
"S:/WIP/10_AfterLife/01_Unreal_Engine/AfterLife/Content/StarterContent/WaterPlane/Ocean/Materials/M_OceanWater_1_Inst.uasset" 366
"S:/WIP/10_AfterLife/01_Unreal_Engine/AfterLife/Content/StarterContent/WaterPlane/Meshes/SM_OceanWater.uasset" 367
"S:/WIP/10_AfterLife/01_Unreal_Engine/AfterLife/Content/StarterContent/WaterPlane/Ocean/Blueprint/BP_OceanWater.uasset" 368
"S:/WIP/10_AfterLife/01_Unreal_Engine/AfterLife/Content/Maps/LevelOfAnger_BuiltData.uasset" 369
"../../../Engine/Content/BasicShapes/BasicShapeMaterial.uasset" 370
"../../../Engine/Content/Functions/Engine_MaterialFunctions02/Utility/BreakOutFloat3Components.uasset" 371
"../../../Engine/Content/Functions/Engine_MaterialFunctions02/Texturing/WorldPositionWithScale.uasset" 372
"../../../Engine/Content/Functions/Engine_MaterialFunctions02/UVs/WorldPositionBehindTranslucency.uasset" 373
"../../../Engine/Content/Functions/Engine_MaterialFunctions02/WorldPositionOffset/ComponentBasisVectors.uasset" 374
"../../../Engine/Content/Functions/Engine_MaterialFunctions02/WorldPositionOffset/ObjectPivotPoint.uasset" 375
"../../../Engine/Content/Functions/Engine_MaterialFunctions02/Utility/VectorLength.uasset" 376
"../../../Engine/Content/Functions/Engine_MaterialFunctions02/WorldPositionOffset/ObjectScale.uasset" 377
"../../../Engine/Content/Functions/Engine_MaterialFunctions02/StaticMeshDecals/StaticMeshDecal_Function.uasset" 378
"../../../Engine/Content/Functions/Engine_MaterialFunctions02/ExampleContent/Textures/newhplaneAlphaMap.uasset" 379
"../../../Engine/Content/Functions/Engine_MaterialFunctions02/ExampleContent/Textures/newhplaneLightingMap.uasset" 380
"../../../Engine/Content/Functions/Engine_MaterialFunctions02/ExampleContent/StaticMeshDecal.uasset" 381
"S:/WIP/10_AfterLife/01_Unreal_Engine/AfterLife/Content/StarterContent/Materials/M_AssetPlatform.uasset" 382
"S:/WIP/10_AfterLife/01_Unreal_Engine/AfterLife/Content/StarterContent/Materials/M_Basic_Wall.uasset" 383
"S:/WIP/10_AfterLife/01_Unreal_Engine/AfterLife/Content/StarterContent/Textures/T_Brick_Cut_Stone_D.uasset" 384
"S:/WIP/10_AfterLife/01_Unreal_Engine/AfterLife/Content/StarterContent/Textures/T_Brick_Cut_Stone_N.uasset" 385
"S:/WIP/10_AfterLife/01_Unreal_Engine/AfterLife/Content/StarterContent/Textures/T_Perlin_Noise_M.uasset" 386
"S:/WIP/10_AfterLife/01_Unreal_Engine/AfterLife/Content/StarterContent/Materials/M_Brick_Cut_Stone.uasset" 387
"../../../Engine/Content/Functions/Engine_MaterialFunctions01/Opacity/AlphaOffset.uasset" 388
"S:/WIP/10_AfterLife/01_Unreal_Engine/AfterLife/Content/StarterContent/Textures/T_Wood_Floor_Walnut_D.uasset" 389
"S:/WIP/10_AfterLife/01_Unreal_Engine/AfterLife/Content/StarterContent/Textures/T_Wood_Floor_Walnut_M.uasset" 390
"S:/WIP/10_AfterLife/01_Unreal_Engine/AfterLife/Content/StarterContent/Textures/T_Wood_Floor_Walnut_N.uasset" 391
"S:/WIP/10_AfterLife/01_Unreal_Engine/AfterLife/Content/StarterContent/Materials/M_Wood_Floor_Walnut_Worn.uasset" 392
"S:/WIP/10_AfterLife/01_Unreal_Engine/AfterLife/Content/StarterContent/Textures/T_Wood_Oak_D.uasset" 393
"S:/WIP/10_AfterLife/01_Unreal_Engine/AfterLife/Content/StarterContent/Textures/T_Wood_Oak_N.uasset" 394
"S:/WIP/10_AfterLife/01_Unreal_Engine/AfterLife/Content/StarterContent/Materials/M_Wood_Oak.uasset" 395
"../../../Engine/Content/BasicShapes/Cube.uasset" 396
"../../../Engine/Content/BasicShapes/Cylinder.uasset" 397
"S:/WIP/10_AfterLife/01_Unreal_Engine/AfterLife/Content/Assets/GroundAnger/T_ground_safe_BaseColor.uasset" 398
"S:/WIP/10_AfterLife/01_Unreal_Engine/AfterLife/Content/Assets/GroundAnger/T_ground_safe_Normal.uasset" 399
"S:/WIP/10_AfterLife/01_Unreal_Engine/AfterLife/Content/Assets/GroundAnger/T_ground_safe_OcclusionRoughnessMetallic.uasset" 400
"S:/WIP/10_AfterLife/01_Unreal_Engine/AfterLife/Content/Assets/GroundAnger/M_ground_safe.uasset" 401
"S:/WIP/10_AfterLife/01_Unreal_Engine/AfterLife/Content/Assets/GroundAnger/SM_ground_safe.uasset" 402
"S:/WIP/10_AfterLife/01_Unreal_Engine/AfterLife/Content/Assets/Walls/WallSafe/T_wall_angle_M_wall_angle_BaseColor.uasset" 403
"S:/WIP/10_AfterLife/01_Unreal_Engine/AfterLife/Content/Assets/Walls/WallSafe/T_wall_angle_M_wall_angle_Normal.uasset" 404
"S:/WIP/10_AfterLife/01_Unreal_Engine/AfterLife/Content/Assets/Walls/WallSafe/T_wall_angle_M_wall_angle_OcclusionRoughnessMetallic.uasset" 405
"S:/WIP/10_AfterLife/01_Unreal_Engine/AfterLife/Content/Assets/Walls/WallSafe/M_wall_angle.uasset" 406
"S:/WIP/10_AfterLife/01_Unreal_Engine/AfterLife/Content/Assets/Walls/WallSafe/SM_wall_angle.uasset" 407
"S:/WIP/10_AfterLife/01_Unreal_Engine/AfterLife/Content/Assets/Walls/WallSafe/T_wall_safe_BaseColor__1_.uasset" 408
"S:/WIP/10_AfterLife/01_Unreal_Engine/AfterLife/Content/Assets/Walls/WallSafe/T_wall_safe_Normal.uasset" 409
"S:/WIP/10_AfterLife/01_Unreal_Engine/AfterLife/Content/Assets/Walls/WallSafe/T_wall_safe_OcclusionRoughnessMetallic.uasset" 410
"S:/WIP/10_AfterLife/01_Unreal_Engine/AfterLife/Content/Assets/Walls/WallSafe/M_wall_safe.uasset" 411
"S:/WIP/10_AfterLife/01_Unreal_Engine/AfterLife/Content/Assets/Walls/WallSafe/SM_Wall_safe.uasset" 412
"S:/WIP/10_AfterLife/01_Unreal_Engine/AfterLife/Content/StarterContent/Textures/T_Rock_Basalt_D.uasset" 413
"S:/WIP/10_AfterLife/01_Unreal_Engine/AfterLife/Content/StarterContent/Textures/T_RockMesh_M.uasset" 414
"S:/WIP/10_AfterLife/01_Unreal_Engine/AfterLife/Content/StarterContent/Textures/T_RockMesh_N.uasset" 415
"S:/WIP/10_AfterLife/01_Unreal_Engine/AfterLife/Content/StarterContent/Props/Materials/M_Rock.uasset" 416
"S:/WIP/10_AfterLife/01_Unreal_Engine/AfterLife/Content/StarterContent/Props/SM_Rock.uasset" 417
"S:/WIP/10_AfterLife/01_Unreal_Engine/AfterLife/Content/Maps/LevelOfAnger.umap" 418
"S:/WIP/10_AfterLife/01_Unreal_Engine/AfterLife/Content/Maps/weshalors_BuiltData.uasset" 419
"S:/WIP/10_AfterLife/01_Unreal_Engine/AfterLife/Content/Maps/weshalors.umap" 420
"../../../Engine/Content/Maps/Entry_BuiltData.uasset" 421
"../../../Engine/Content/Maps/Entry.umap" 422
